Nodes:, openhpc-compute-[0-1]
#------------------------------------------------------------
#    Intel (R) MPI Benchmarks 2018 Update 1, MPI-1 part    
#------------------------------------------------------------
# Date                  : Wed Sep 16 15:22:31 2020
# Machine               : x86_64
# System                : Linux
# Release               : 3.10.0-1127.8.2.el7.x86_64
# Version               : #1 SMP Tue May 12 16:57:42 UTC 2020
# MPI Version           : 3.1
# MPI Thread Environment: 


# Calling sequence was: 

# IMB-MPI1 pingpong

# Minimum message length in bytes:   0
# Maximum message length in bytes:   4194304
#
# MPI_Datatype                   :   MPI_BYTE 
# MPI_Datatype for reductions    :   MPI_FLOAT
# MPI_Op                         :   MPI_SUM  
#
#

# List of Benchmarks to run:

# PingPong

#---------------------------------------------------
# Benchmarking PingPong 
# #processes = 2 
#---------------------------------------------------
       #bytes #repetitions      t[usec]   Mbytes/sec
            0         1000         1.10         0.00
            1         1000         1.14         0.87
            2         1000         1.14         1.75
            4         1000         1.14         3.50
            8         1000         1.17         6.81
           16         1000         1.18        13.59
           32         1000         1.19        26.98
           64         1000         1.20        53.27
          128         1000         1.63        78.69
          256         1000         1.69       151.82
          512         1000         1.86       275.86
         1024         1000         2.04       502.66
         2048         1000         2.43       843.56
         4096         1000         3.42      1195.94
         8192         1000         5.05      1623.58
        16384         1000         5.96      2750.59
        32768         1000         7.35      4456.20
        65536          640        10.06      6513.77
       131072          320        15.49      8463.34
       262144          160        26.24      9990.31
       524288           80        47.98     10927.25
      1048576           40        91.42     11469.60
      2097152           20       178.04     11779.09
      4194304           10       351.22     11942.17


# All processes entering MPI_Finalize

Results:  1.1 us 11942.17 MB/s
